<?xml version="1.0" encoding="UTF-8"?>
<!-- Generated by org.testng.reporters.JUnitReportReporter -->
<testsuite hostname="MohamedAli" failures="0" tests="4" name="test.TestApi" time="4.784" errors="0" timestamp="2023-04-05T07:53:58 CEST" skipped="0">
  <testcase classname="test.TestApi" name="testGetAllProductsList" time="2.070"/>
  <testcase classname="test.TestApi" name="testPOSTToAllProductsList" time="0.954"/>
  <testcase classname="test.TestApi" name="testGetAllBrandsList" time="0.909"/>
  <testcase classname="test.TestApi" name="testPUTToAllBrandsList" time="0.851"/>
</testsuite> <!-- test.TestApi -->
